<?xml version="1.0" encoding="UTF-8"?>
<!-- Generated by org.testng.reporters.JUnitXMLReporter -->
<testsuite ignored="0" hostname="KAJAL" failures="3" tests="3" name="Test" time="0.117" errors="0" timestamp="2023-04-15T14:43:52 IST">
  <testcase classname="SeleniumProject.SeleniumProject.AllTabTest" name="show" time="0.06">
    <failure type="java.lang.IllegalStateException" message="The driver executable must exist: C:\Users\kawar\OneDrive\Desktop\Driver\Firefox\geckodriver.exe">
      <![CDATA[java.lang.IllegalStateException: The driver executable must exist: C:\Users\kawar\OneDrive\Desktop\Driver\Firefox\geckodriver.exe
at org.openqa.selenium.internal.Require$FileStateChecker.isFile(Require.java:345)
at org.openqa.selenium.remote.service.DriverService.checkExecutable(DriverService.java:161)
at org.openqa.selenium.remote.service.DriverService.findExecutable(DriverService.java:156)
at org.openqa.selenium.firefox.GeckoDriverService.access$100(GeckoDriverService.java:47)
at org.openqa.selenium.firefox.GeckoDriverService$Builder.findDefaultExecutable(GeckoDriverService.java:164)
at org.openqa.selenium.remote.service.DriverService$Builder.build(DriverService.java:456)
at org.openqa.selenium.firefox.GeckoDriverService.createDefaultService(GeckoDriverService.java:100)
at org.openqa.selenium.firefox.FirefoxDriver.<init>(FirefoxDriver.java:111)
at org.openqa.selenium.firefox.FirefoxDriver.<init>(FirefoxDriver.java:101)
at SeleniumProject.SeleniumProject.AllTabTest.show(AllTabTest.java:15)
at java.base/java.util.ArrayList.forEach(ArrayList.java:1511)
... Removed 27 stack frames]]>
    </failure>
  </testcase> <!-- show -->
  <testcase classname="SeleniumProject.SeleniumProject.ProductDetailTest" name="display" time="0.005">
    <failure type="java.lang.IllegalStateException" message="The driver executable must exist: C:\Users\kawar\OneDrive\Desktop\Driver\Firefox\geckodriver.exe">
      <![CDATA[java.lang.IllegalStateException: The driver executable must exist: C:\Users\kawar\OneDrive\Desktop\Driver\Firefox\geckodriver.exe
at org.openqa.selenium.internal.Require$FileStateChecker.isFile(Require.java:345)
at org.openqa.selenium.remote.service.DriverService.checkExecutable(DriverService.java:161)
at org.openqa.selenium.remote.service.DriverService.findExecutable(DriverService.java:156)
at org.openqa.selenium.firefox.GeckoDriverService.access$100(GeckoDriverService.java:47)
at org.openqa.selenium.firefox.GeckoDriverService$Builder.findDefaultExecutable(GeckoDriverService.java:164)
at org.openqa.selenium.remote.service.DriverService$Builder.build(DriverService.java:456)
at org.openqa.selenium.firefox.GeckoDriverService.createDefaultService(GeckoDriverService.java:100)
at org.openqa.selenium.firefox.FirefoxDriver.<init>(FirefoxDriver.java:111)
at org.openqa.selenium.firefox.FirefoxDriver.<init>(FirefoxDriver.java:101)
at SeleniumProject.SeleniumProject.ProductDetailTest.display(ProductDetailTest.java:28)
at java.base/java.util.ArrayList.forEach(ArrayList.java:1511)
... Removed 27 stack frames]]>
    </failure>
  </testcase> <!-- display -->
  <testcase classname="SeleniumProject.SeleniumProject.SignUpTest" name="SignUpTestDemo" time="0.005">
    <failure type="java.lang.IllegalStateException" message="The driver executable must exist: C:\Users\kawar\OneDrive\Desktop\Driver\Firefox\geckodriver.exe">
      <![CDATA[java.lang.IllegalStateException: The driver executable must exist: C:\Users\kawar\OneDrive\Desktop\Driver\Firefox\geckodriver.exe
at org.openqa.selenium.internal.Require$FileStateChecker.isFile(Require.java:345)
at org.openqa.selenium.remote.service.DriverService.checkExecutable(DriverService.java:161)
at org.openqa.selenium.remote.service.DriverService.findExecutable(DriverService.java:156)
at org.openqa.selenium.firefox.GeckoDriverService.access$100(GeckoDriverService.java:47)
at org.openqa.selenium.firefox.GeckoDriverService$Builder.findDefaultExecutable(GeckoDriverService.java:164)
at org.openqa.selenium.remote.service.DriverService$Builder.build(DriverService.java:456)
at org.openqa.selenium.firefox.GeckoDriverService.createDefaultService(GeckoDriverService.java:100)
at org.openqa.selenium.firefox.FirefoxDriver.<init>(FirefoxDriver.java:111)
at org.openqa.selenium.firefox.FirefoxDriver.<init>(FirefoxDriver.java:101)
at SeleniumProject.SeleniumProject.SignUpTest.SignUpTestDemo(SignUpTest.java:16)
at java.base/java.util.ArrayList.forEach(ArrayList.java:1511)
... Removed 27 stack frames]]>
    </failure>
  </testcase> <!-- SignUpTestDemo -->
</testsuite> <!-- Test -->
